This is e-upTeX, Version 3.141592653-p4.1.0-u1.29-230214-2.6 (utf8.euc) (TeX Live 2023/Debian) (preloaded format=platex 2025.11.8)  8 NOV 2025 23:47
entering extended mode
 \write18 enabled.
 %&-line parsing enabled.
**/home/str/tex/ptheory.tex
(/home/str/tex/ptheory.tex
pLaTeX2e <2023-02-14>+1, based on
LaTeX2e <2023-11-01> patch level 1
L3 programming layer <2024-01-22>
(/usr/share/texlive/texmf-dist/tex/platex/jsclasses/jsarticle.cls
Document Class: jsarticle 2023/02/23 jsclasses (okumura, texjporg)
Class jsarticle Info: Autodetected engine: pLaTeX on input line 236.
\jsc@mpt=\dimen156
\jsc@mmm=\dimen157
\jsc@smallskipamount=\skip48
LaTeX Info: Redefining \textmc on input line 511.
LaTeX Info: Redefining \textgt on input line 513.
\symmincho=\mathgroup4
LaTeX Font Info:    Overwriting symbol font `mincho' in version `bold'
(Font)                  JY1/mc/m/n --> JY1/gt/m/n on input line 575.
LaTeX Font Info:    Font shape `JT1/mc/m/n' will be
(Font)              scaled to size 9.60999pt on input line 769.
LaTeX Font Info:    Font shape `JY1/mc/m/n' will be
(Font)              scaled to size 9.60999pt on input line 769.
\fullwidth=\dimen158
LaTeX Font Info:    Font shape `JT1/mc/m/n' will be
(Font)              scaled to size 7.68799pt on input line 922.
LaTeX Font Info:    Font shape `JY1/mc/m/n' will be
(Font)              scaled to size 7.68799pt on input line 922.
\c@part=\count186
\c@section=\count187
\c@subsection=\count188
\c@subsubsection=\count189
\c@paragraph=\count190
\c@subparagraph=\count191
\@abstractbox=\box68
\c@figure=\count192
\c@table=\count193
\abovecaptionskip=\skip49
\belowcaptionskip=\skip50
\jsc@tocl@width=\dimen159
\@lnumwidth=\dimen160
\bibindent=\dimen161
(/usr/share/texlive/texmf-dist/tex/platex/jsclasses/jslogo.sty
Package: jslogo 2019/07/25 okumura, texjporg
LaTeX Info: Redefining \TeX on input line 82.
LaTeX Info: Redefining \LaTeX on input line 135.
LaTeX Info: Redefining \LaTeXe on input line 188.
)
\heisei=\count194
) (/usr/share/texlive/texmf-dist/tex/latex/graphics/graphicx.sty
Package: graphicx 2021/09/16 v1.2d Enhanced LaTeX Graphics (DPC,SPQR)
 (/usr/share/texlive/texmf-dist/tex/latex/graphics/keyval.sty
Package: keyval 2022/05/29 v1.15 key=value parser (DPC)
\KV@toks@=\toks18
) (/usr/share/texlive/texmf-dist/tex/latex/graphics/graphics.sty
Package: graphics 2022/03/10 v1.4e Standard LaTeX Graphics (DPC,SPQR)
 (/usr/share/texlive/texmf-dist/tex/latex/graphics/trig.sty
Package: trig 2021/08/11 v1.11 sin cos tan (DPC)
) (/usr/share/texlive/texmf-dist/tex/latex/graphics-cfg/graphics.cfg
File: graphics.cfg 2016/06/04 v1.11 sample graphics configuration
)
Package graphics Info: Driver file: dvipdfmx.def on input line 107.
 (/usr/share/texlive/texmf-dist/tex/latex/graphics-def/dvipdfmx.def
File: dvipdfmx.def 2022/09/22 v5.0m Graphics/color driver for dvipdfmx
))
\Gin@req@height=\dimen162
\Gin@req@width=\dimen163
) (/usr/share/texlive/texmf-dist/tex/latex/graphics/color.sty
Package: color 2022/01/06 v1.3d Standard LaTeX Color (DPC)
 (/usr/share/texlive/texmf-dist/tex/latex/graphics-cfg/color.cfg
File: color.cfg 2016/01/02 v1.6 sample color configuration
)
Package color Info: Driver file: dvipdfmx.def on input line 149.
 (/usr/share/texlive/texmf-dist/tex/latex/graphics/dvipsnam.def
File: dvipsnam.def 2016/06/17 v3.0m Driver-dependent file (DPC,SPQR)
) (/usr/share/texlive/texmf-dist/tex/latex/graphics/mathcolor.ltx)) (/usr/share/texlive/texmf-dist/tex/latex/amsmath/amsmath.sty
Package: amsmath 2023/05/13 v2.17o AMS math features
\@mathmargin=\skip51

For additional information on amsmath, use the `?' option.
(/usr/share/texlive/texmf-dist/tex/latex/amsmath/amstext.sty
Package: amstext 2021/08/26 v2.01 AMS text
 (/usr/share/texlive/texmf-dist/tex/latex/amsmath/amsgen.sty
File: amsgen.sty 1999/11/30 v2.0 generic functions
\@emptytoks=\toks19
\ex@=\dimen164
)) (/usr/share/texlive/texmf-dist/tex/latex/amsmath/amsbsy.sty
Package: amsbsy 1999/11/29 v1.2d Bold Symbols
\pmbraise@=\dimen165
) (/usr/share/texlive/texmf-dist/tex/latex/amsmath/amsopn.sty
Package: amsopn 2022/04/08 v2.04 operator names
)
\inf@bad=\count195
LaTeX Info: Redefining \frac on input line 234.
\uproot@=\count196
\leftroot@=\count197
LaTeX Info: Redefining \overline on input line 399.
LaTeX Info: Redefining \colon on input line 410.
\classnum@=\count198
\DOTSCASE@=\count199
LaTeX Info: Redefining \ldots on input line 496.
LaTeX Info: Redefining \dots on input line 499.
LaTeX Info: Redefining \cdots on input line 620.
\Mathstrutbox@=\box69
\strutbox@=\box70
LaTeX Info: Redefining \big on input line 722.
LaTeX Info: Redefining \Big on input line 723.
LaTeX Info: Redefining \bigg on input line 724.
LaTeX Info: Redefining \Bigg on input line 725.
\big@size=\dimen166
LaTeX Font Info:    Redeclaring font encoding OML on input line 743.
LaTeX Font Info:    Redeclaring font encoding OMS on input line 744.
\macc@depth=\count266
LaTeX Info: Redefining \bmod on input line 905.
LaTeX Info: Redefining \pmod on input line 910.
LaTeX Info: Redefining \smash on input line 940.
LaTeX Info: Redefining \relbar on input line 970.
LaTeX Info: Redefining \Relbar on input line 971.
\c@MaxMatrixCols=\count267
\dotsspace@=\muskip16
\c@parentequation=\count268
\dspbrk@lvl=\count269
\tag@help=\toks20
\row@=\count270
\column@=\count271
\maxfields@=\count272
\andhelp@=\toks21
\eqnshift@=\dimen167
\alignsep@=\dimen168
\tagshift@=\dimen169
\tagwidth@=\dimen170
\totwidth@=\dimen171
\lineht@=\dimen172
\@envbody=\toks22
\multlinegap=\skip52
\multlinetaggap=\skip53
\mathdisplay@stack=\toks23
LaTeX Info: Redefining \[ on input line 2953.
LaTeX Info: Redefining \] on input line 2954.
) (/usr/share/texlive/texmf-dist/tex/latex/amsfonts/amssymb.sty
Package: amssymb 2013/01/14 v3.01 AMS font symbols
 (/usr/share/texlive/texmf-dist/tex/latex/amsfonts/amsfonts.sty
Package: amsfonts 2013/01/14 v3.01 Basic AMSFonts support
\symAMSa=\mathgroup5
\symAMSb=\mathgroup6
LaTeX Font Info:    Redeclaring math symbol \hbar on input line 98.
LaTeX Font Info:    Overwriting math alphabet `\mathfrak' in version `bold'
(Font)                  U/euf/m/n --> U/euf/b/n on input line 106.
)) (/usr/share/texlive/texmf-dist/tex/latex/fancybox/fancybox.sty
Package: fancybox 2010/05/15 1.4

Style option: `fancybox' v1.4 <2010/05/15> (tvz)
\@fancybox=\box71
\shadowsize=\dimen173
\@Sbox=\box72
\do@VerbBox=\toks24
\the@fancyput=\toks25
\this@fancyput=\toks26
\EndVerbatimTokens=\toks27
\Verbatim@Outfile=\write3
\Verbatim@Infile=\read2
) (/usr/share/texlive/texmf-dist/tex/latex/ascmac/ascmac.sty
Package: ascmac 2020/01/15 v2.1 ascmac wrapper (community edition) 
 (/usr/share/texlive/texmf-dist/tex/latex/ascmac/tascmac.sty
Package: tascmac 2020/01/15 v2.1 ascmac package (community edition) 
\@savetbaselineshift=\dimen174
\@saveybaselineshift=\dimen175
\scb@x=\box73
\scscb@x=\box74
\@bw=\dimen176
\@nbox=\box75
\@nbody=\box76
\@scw=\dimen177
\ascmac@hoboxa=\box77
\ascmac@hoboxb=\box78
\@itemh=\dimen178
\@iboxpos=\toks28
\@iboxstr=\box79
\@bwsp=\box80
\@@bwsp=\box81
\@bcal=\count273
\shaderule=\dimen179
)) (/usr/share/texlive/texmf-dist/tex/latex/booktabs/booktabs.sty
Package: booktabs 2020/01/12 v1.61803398 Publication quality tables
\heavyrulewidth=\dimen180
\lightrulewidth=\dimen181
\cmidrulewidth=\dimen182
\belowrulesep=\dimen183
\belowbottomsep=\dimen184
\aboverulesep=\dimen185
\abovetopsep=\dimen186
\cmidrulesep=\dimen187
\cmidrulekern=\dimen188
\defaultaddspace=\dimen189
\@cmidla=\count274
\@cmidlb=\count275
\@aboverulesep=\dimen190
\@belowrulesep=\dimen191
\@thisruleclass=\count276
\@lastruleclass=\count277
\@thisrulewidth=\dimen192
) (/usr/share/texlive/texmf-dist/tex/latex/diagbox/diagbox.sty
Package: diagbox 2020/02/09 v2.3 Making table heads with diagonal lines
 (/usr/share/texlive/texmf-dist/tex/latex/pict2e/pict2e.sty
Package: pict2e 2020/09/30 v0.4b Improved picture commands (HjG,RN,JT)
 (/usr/share/texlive/texmf-dist/tex/latex/pict2e/pict2e.cfg
File: pict2e.cfg 2016/02/05 v0.1u pict2e configuration for teTeX/TeXLive
)
Package pict2e Info: Driver file: dvips.def on input line 112.
 (/usr/share/texlive/texmf-dist/tex/latex/graphics-def/dvips.def
File: dvips.def 2022/09/22 v3.1e Graphics/color driver for dvips
)
Package pict2e Info: Driver file for pict2e: p2e-dvips.def on input line 114.
 (/usr/share/texlive/texmf-dist/tex/latex/pict2e/p2e-dvips.def
File: p2e-dvips.def 2016/02/05 v0.1u Driver-dependant file (RN,HjG,JT)
)
\pIIe@GRAPH=\toks29
\@arclen=\dimen193
\@arcrad=\dimen194
\pIIe@tempdima=\dimen195
\pIIe@tempdimb=\dimen196
\pIIe@tempdimc=\dimen197
\pIIe@tempdimd=\dimen198
\pIIe@tempdime=\dimen199
\pIIe@tempdimf=\dimen256
) (/usr/share/texlive/texmf-dist/tex/latex/tools/calc.sty
Package: calc 2023/07/08 v4.3 Infix arithmetic (KKT,FJ)
\calc@Acount=\count278
\calc@Bcount=\count279
\calc@Adimen=\dimen257
\calc@Bdimen=\dimen258
\calc@Askip=\skip54
\calc@Bskip=\skip55
LaTeX Info: Redefining \setlength on input line 80.
LaTeX Info: Redefining \addtolength on input line 81.
\calc@Ccount=\count280
\calc@Cskip=\skip56
) (/usr/share/texlive/texmf-dist/tex/latex/tools/array.sty
Package: array 2023/10/16 v2.5g Tabular extension package (FMi)
\col@sep=\dimen259
\ar@mcellbox=\box82
\extrarowheight=\dimen260
\NC@list=\toks30
\extratabsurround=\skip57
\backup@length=\skip58
\ar@cellbox=\box83
)
\diagbox@boxa=\box84
\diagbox@boxb=\box85
\diagbox@boxm=\box86
\diagbox@wd=\dimen261
\diagbox@ht=\dimen262
\diagbox@insepl=\dimen263
\diagbox@insepr=\dimen264
\diagbox@outsepl=\dimen265
\diagbox@outsepr=\dimen266
) (/usr/share/texlive/texmf-dist/tex/platex/japanese-otf/otf.sty
Package: otf 2023/10/09 TeX JP org, v1.7b8 psitau, u0.30 ttk
LaTeX Font Info:    Redeclaring symbol font `mincho' on input line 345.
LaTeX Font Info:    Overwriting symbol font `mincho' in version `normal'
(Font)                  JY1/mc/m/n --> JY1/hmc/m/n on input line 345.
LaTeX Font Info:    Overwriting symbol font `mincho' in version `bold'
(Font)                  JY1/gt/m/n --> JY1/hmc/m/n on input line 345.
LaTeX Font Info:    Overwriting symbol font `mincho' in version `bold'
(Font)                  JY1/hmc/m/n --> JY1/hmc/bx/n on input line 347.
LaTeX Font Info:    Redeclaring math alphabet \mathgt on input line 348.
LaTeX Font Info:    Overwriting math alphabet `\mathgt' in version `normal'
(Font)                  JY1/gt/m/n --> JY1/hgt/m/n on input line 348.
LaTeX Font Info:    Overwriting math alphabet `\mathgt' in version `bold'
(Font)                  JY1/gt/m/n --> JY1/hgt/m/n on input line 348.
LaTeX Font Info:    Overwriting math alphabet `\mathgt' in version `bold'
(Font)                  JY1/hgt/m/n --> JY1/hgt/bx/n on input line 349.
 (/usr/share/texlive/texmf-dist/tex/platex/japanese-otf/ajmacros.sty
Package: ajmacros 2019/04/01 21:00 iNOUE Koich! <inoue@ma.ns.musashi-tech.ac.jp>
\@tempcntc=\count281
\@tempcntd=\count282
\@tempcnte=\count283
\@tempcntf=\count284
)) (/usr/share/texlive/texmf-dist/tex/latex/minted/minted.sty
Package: minted 2023/12/18 v2.9 Yet another Pygments shim for LaTeX
 (/usr/share/texlive/texmf-dist/tex/latex/kvoptions/kvoptions.sty
Package: kvoptions 2022-06-15 v3.15 Key value format for package options (HO)
 (/usr/share/texlive/texmf-dist/tex/generic/ltxcmds/ltxcmds.sty
Package: ltxcmds 2023-12-04 v1.26 LaTeX kernel commands for general use (HO)
) (/usr/share/texlive/texmf-dist/tex/latex/kvsetkeys/kvsetkeys.sty
Package: kvsetkeys 2022-10-05 v1.19 Key value parser (HO)
)) (/usr/share/texlive/texmf-dist/tex/latex/fvextra/fvextra.sty
Package: fvextra 2023/11/28 v1.6.1 fvextra - extensions and patches for fancyvrb
 (/usr/share/texlive/texmf-dist/tex/latex/etoolbox/etoolbox.sty
Package: etoolbox 2020/10/05 v2.5k e-TeX tools for LaTeX (JAW)
\etb@tempcnta=\count285
) (/usr/share/texlive/texmf-dist/tex/latex/fancyvrb/fancyvrb.sty
Package: fancyvrb 2024/01/20 4.5c verbatim text (tvz,hv)
\FV@CodeLineNo=\count286
\FV@InFile=\read3
\FV@TabBox=\box87
\c@FancyVerbLine=\count287
\FV@StepNumber=\count288
\FV@OutFile=\write4
LaTeX Info: Redefining \UseVerb on input line 1229.
) (/usr/share/texlive/texmf-dist/tex/latex/upquote/upquote.sty
Package: upquote 2012/04/19 v1.3 upright-quote and grave-accent glyphs in verbatim
) (/usr/share/texlive/texmf-dist/tex/latex/lineno/lineno.sty
Package: lineno 2023/05/20 line numbers on paragraphs v5.3
\linenopenalty=\count289
\output=\toks31
\linenoprevgraf=\count290
\linenumbersep=\dimen267
\linenumberwidth=\dimen268
\c@linenumber=\count291
\c@pagewiselinenumber=\count292
\c@LN@truepage=\count293
\c@internallinenumber=\count294
\c@internallinenumbers=\count295
\quotelinenumbersep=\dimen269
\bframerule=\dimen270
\bframesep=\dimen271
\bframebox=\box88
\linenoamsmath@ams@eqpen=\count296
LaTeX Info: Redefining \\ on input line 3180.
)
\c@FancyVerbWriteLine=\count297
\c@FancyVerbBufferIndex=\count298
\c@FancyVerbBufferLength=\count299
\c@FancyVerbBufferLine=\count300
\c@FV@oldbufferlength=\count301
\c@FV@TrueTabGroupLevel=\count302
\c@FV@TrueTabCounter=\count303
\FV@TabBox@Group=\box89
\FV@TmpLength=\skip59
\c@FV@HighlightLinesStart=\count304
\c@FV@HighlightLinesStop=\count305
\FV@LoopCount=\count306
\FV@NCharsBox=\box90
\FV@BreakIndent=\dimen272
\FV@BreakIndentNChars=\count307
\FV@BreakSymbolSepLeft=\dimen273
\FV@BreakSymbolSepLeftNChars=\count308
\FV@BreakSymbolSepRight=\dimen274
\FV@BreakSymbolSepRightNChars=\count309
\FV@BreakSymbolIndentLeft=\dimen275
\FV@BreakSymbolIndentLeftNChars=\count310
\FV@BreakSymbolIndentRight=\dimen276
\FV@BreakSymbolIndentRightNChars=\count311
\c@FancyVerbLineBreakLast=\count312
\FV@LineBox=\box91
\FV@LineIndentBox=\box92
\c@FV@BreakBufferDepth=\count313
\FV@LineWidth=\dimen277
) (/usr/share/texlive/texmf-dist/tex/latex/base/ifthen.sty
Package: ifthen 2022/04/13 v1.1d Standard LaTeX ifthen package (DPC)
) (/usr/share/texlive/texmf-dist/tex/latex/tools/shellesc.sty
Package: shellesc 2023/07/08 v1.0d unified shell escape interface for LaTeX
Package shellesc Info: Unrestricted shell escape enabled on input line 75.
) (/usr/share/texlive/texmf-dist/tex/latex/ifplatform/ifplatform.sty
Package: ifplatform 2017/10/13 v0.4a Testing for the operating system
 (/usr/share/texlive/texmf-dist/tex/generic/pdftexcmds/pdftexcmds.sty
Package: pdftexcmds 2020-06-27 v0.33 Utility functions of pdfTeX for LuaTeX (HO)
 (/usr/share/texlive/texmf-dist/tex/generic/infwarerr/infwarerr.sty
Package: infwarerr 2019/12/03 v1.5 Providing info/warning/error messages (HO)
) (/usr/share/texlive/texmf-dist/tex/generic/iftex/iftex.sty
Package: iftex 2022/02/03 v1.0f TeX engine tests
)
Package pdftexcmds Info: \pdf@primitive is available.
Package pdftexcmds Info: \pdf@ifprimitive is available.
Package pdftexcmds Info: \pdfdraftmode not found.
) (/usr/share/texlive/texmf-dist/tex/generic/catchfile/catchfile.sty
Package: catchfile 2019/12/09 v1.8 Catch the contents of a file (HO)
 (/usr/share/texlive/texmf-dist/tex/generic/etexcmds/etexcmds.sty
Package: etexcmds 2019/12/15 v1.7 Avoid name clashes with e-TeX commands (HO)
)) (/usr/share/texlive/texmf-dist/tex/generic/iftex/ifluatex.sty
Package: ifluatex 2019/10/25 v1.5 ifluatex legacy package. Use iftex instead.
)
runsystem(uname -s > "ptheory.w18")...executed.

 (./ptheory.w18)
runsystem(rm -- "ptheory.w18")...executed.

) (/usr/share/texlive/texmf-dist/tex/generic/xstring/xstring.sty (/usr/share/texlive/texmf-dist/tex/generic/xstring/xstring.tex
\xs_counta=\count314
\xs_countb=\count315
)
Package: xstring 2023/08/22 v1.86 String manipulations (CT)
) (/usr/share/texlive/texmf-dist/tex/latex/framed/framed.sty
Package: framed 2011/10/22 v 0.96: framed or shaded text with page breaks
\OuterFrameSep=\skip60
\fb@frw=\dimen278
\fb@frh=\dimen279
\FrameRule=\dimen280
\FrameSep=\dimen281
) (/usr/share/texlive/texmf-dist/tex/latex/float/float.sty
Package: float 2001/11/08 v1.3d Float enhancements (AL)
\c@float@type=\count316
\float@exts=\toks32
\float@box=\box93
\@float@everytoks=\toks33
\@floatcapt=\box94
)
\minted@appexistsfile=\read4
\minted@bgbox=\box95
\minted@code=\write5
\c@minted@FancyVerbLineTemp=\count317
\c@minted@pygmentizecounter=\count318
\@float@every@listing=\toks34
\c@listing=\count319
)
runsystem(mkdir -p _minted-ptheory)...executed.

runsystem(command -v pygmentize && touch ptheory.aex)...executed.

runsystem(rm ptheory.aex)...executed.

LaTeX Font Info:    Font shape `JT1/hmc/m/n' will be
(Font)              scaled to size 9.24683pt on input line 17.
LaTeX Font Info:    Font shape `JY1/hmc/m/n' will be
(Font)              scaled to size 9.24683pt on input line 17.
 (/usr/share/texlive/texmf-dist/tex/latex/l3backend/l3backend-dvips.def
File: l3backend-dvips.def 2024-01-04 L3 backend support: dvips
\l__pdf_internal_box=\box96
\g__pdf_backend_object_int=\count320
\l__pdf_backend_content_box=\box97
\l__pdf_backend_model_box=\box98
\g__pdf_backend_annotation_int=\count321
\g__pdf_backend_link_int=\count322
\g__pdf_backend_link_sf_int=\count323
) (./ptheory.aux)
\openout1 = `ptheory.aux'.

LaTeX Font Info:    Checking defaults for OML/cmm/m/it on input line 17.
LaTeX Font Info:    ... okay on input line 17.
LaTeX Font Info:    Checking defaults for OMS/cmsy/m/n on input line 17.
LaTeX Font Info:    ... okay on input line 17.
LaTeX Font Info:    Checking defaults for OT1/cmr/m/n on input line 17.
LaTeX Font Info:    ... okay on input line 17.
LaTeX Font Info:    Checking defaults for T1/cmr/m/n on input line 17.
LaTeX Font Info:    ... okay on input line 17.
LaTeX Font Info:    Checking defaults for TS1/cmr/m/n on input line 17.
LaTeX Font Info:    ... okay on input line 17.
LaTeX Font Info:    Checking defaults for OMX/cmex/m/n on input line 17.
LaTeX Font Info:    ... okay on input line 17.
LaTeX Font Info:    Checking defaults for U/cmr/m/n on input line 17.
LaTeX Font Info:    ... okay on input line 17.
LaTeX Font Info:    Checking defaults for JY1/mc/m/n on input line 17.
LaTeX Font Info:    ... okay on input line 17.
LaTeX Font Info:    Checking defaults for JT1/mc/m/n on input line 17.
LaTeX Font Info:    ... okay on input line 17.
LaTeX Font Info:    Font shape `JT1/hmc/m/n' will be
(Font)              scaled to size 15.9785pt on input line 18.
LaTeX Font Info:    Font shape `JY1/hmc/m/n' will be
(Font)              scaled to size 15.9785pt on input line 18.
LaTeX Font Info:    Font shape `JT1/hmc/m/n' will be
(Font)              scaled to size 11.09619pt on input line 18.
LaTeX Font Info:    Font shape `JY1/hmc/m/n' will be
(Font)              scaled to size 11.09619pt on input line 18.
LaTeX Font Info:    Font shape `JY1/hmc/m/n' will be
(Font)              scaled to size 7.39746pt on input line 18.
LaTeX Font Info:    Font shape `JY1/hmc/m/n' will be
(Font)              scaled to size 5.5481pt on input line 18.
LaTeX Font Info:    Trying to load font information for U+msa on input line 18.
 (/usr/share/texlive/texmf-dist/tex/latex/amsfonts/umsa.fd
File: umsa.fd 2013/01/14 v3.01 AMS symbols A
)
LaTeX Font Info:    Trying to load font information for U+msb on input line 18.
 (/usr/share/texlive/texmf-dist/tex/latex/amsfonts/umsb.fd
File: umsb.fd 2013/01/14 v3.01 AMS symbols B
)
LaTeX Font Info:    Font shape `JT1/hmc/m/n' will be
(Font)              scaled to size 13.31541pt on input line 20.
LaTeX Font Info:    Font shape `JY1/hmc/m/n' will be
(Font)              scaled to size 13.31541pt on input line 20.
LaTeX Font Info:    Font shape `JT1/hgt/m/n' will be
(Font)              scaled to size 13.31541pt on input line 20.
LaTeX Font Info:    Font shape `JY1/hgt/m/n' will be
(Font)              scaled to size 13.31541pt on input line 20.
LaTeX Font Info:    Font shape `JY1/hmc/m/n' will be
(Font)              scaled to size 6.47278pt on input line 23.
LaTeX Font Info:    Font shape `JY1/hmc/m/n' will be
(Font)              scaled to size 4.62341pt on input line 23.
LaTeX Font Info:    Font shape `JT1/hgt/m/n' will be
(Font)              scaled to size 11.09619pt on input line 25.
LaTeX Font Info:    Font shape `JY1/hgt/m/n' will be
(Font)              scaled to size 11.09619pt on input line 25.
 [1

] [2] (./ptheory.aux)
 ***********
pLaTeX2e <2023-02-14>+1, based on
LaTeX2e <2023-11-01> patch level 1
L3 programming layer <2024-01-22>
 ***********
 ) 
Here is how much of TeX's memory you used:
 8864 strings out of 474880
 148230 string characters out of 5763303
 1929820 words of memory out of 5000000
 30985 multiletter control sequences out of 15000+600000
 571769 words of font info for 104 fonts, out of 8000000 for 9000
 934 hyphenation exceptions out of 8191
 74i,18n,79p,338b,1025s stack positions out of 10000i,1000n,20000p,200000b,200000s

Output written on ptheory.dvi (2 pages, 7888 bytes).
